# JRE version: OpenJDK Runtime Environment (11.0.8+10) (build 11.0.8+10-b944.6842174)
# Java VM: OpenJDK 64-Bit Server VM (11.0.8+10-b944.6842174, mixed mode, tiered, compressed oops, g1 gc, windows-amd64)
Heap:
 garbage-first heap   total 273408K, used 169564K [0x0000000080400000, 0x0000000100000000)
  region size 1024K, 2 young (2048K), 2 survivors (2048K)
 Metaspace       used 84867K, capacity 85723K, committed 85920K, reserved 1126400K
  class space    used 9105K, capacity 9453K, committed 9472K, reserved 1048576K
GC Heap History (20 events):
Event: 25.409 GC heap after
{Heap after GC invocations=21 (full 0):
 garbage-first heap   total 189440K, used 97459K [0x0000000080400000, 0x0000000100000000)
  region size 1024K, 6 young (6144K), 6 survivors (6144K)
 Metaspace       used 68978K, capacity 69798K, committed 69920K, reserved 1112064K
  class space    used 7625K, capacity 7958K, committed 8064K, reserved 1048576K
}
Event: 26.744 GC heap before
{Heap before GC invocations=22 (full 0):
 garbage-first heap   total 189440K, used 142515K [0x0000000080400000, 0x0000000100000000)
  region size 1024K, 50 young (51200K), 6 survivors (6144K)
 Metaspace       used 69234K, capacity 70055K, committed 70176K, reserved 1112064K
  class space    used 7630K, capacity 7958K, committed 8064K, reserved 1048576K
}
Event: 26.764 GC heap after
{Heap after GC invocations=23 (full 0):
 garbage-first heap   total 189440K, used 102214K [0x0000000080400000, 0x0000000100000000)
  region size 1024K, 7 young (7168K), 7 survivors (7168K)
 Metaspace       used 69234K, capacity 70055K, committed 70176K, reserved 1112064K
  class space    used 7630K, capacity 7958K, committed 8064K, reserved 1048576K
}
Event: 27.761 GC heap before
{Heap before GC invocations=23 (full 0):
 garbage-first heap   total 189440K, used 146246K [0x0000000080400000, 0x0000000100000000)
  region size 1024K, 50 young (51200K), 7 survivors (7168K)
 Metaspace       used 69846K, capacity 70668K, committed 70944K, reserved 1112064K
  class space    used 7678K, capacity 7992K, committed 8064K, reserved 1048576K
}
Event: 27.778 GC heap after
{Heap after GC invocations=24 (full 0):
 garbage-first heap   total 189440K, used 105794K [0x0000000080400000, 0x0000000100000000)
  region size 1024K, 4 young (4096K), 4 survivors (4096K)
 Metaspace       used 69846K, capacity 70668K, committed 70944K, reserved 1112064K
  class space    used 7678K, capacity 7992K, committed 8064K, reserved 1048576K
}
Event: 28.917 GC heap before
{Heap before GC invocations=25 (full 0):
 garbage-first heap   total 189440K, used 149826K [0x0000000080400000, 0x0000000100000000)
  region size 1024K, 47 young (48128K), 4 survivors (4096K)
 Metaspace       used 72752K, capacity 73723K, committed 73888K, reserved 1114112K
  class space    used 7970K, capacity 8333K, committed 8448K, reserved 1048576K
}
Event: 28.928 GC heap after
{Heap after GC invocations=26 (full 0):
 garbage-first heap   total 189440K, used 107063K [0x0000000080400000, 0x0000000100000000)
  region size 1024K, 5 young (5120K), 5 survivors (5120K)
 Metaspace       used 72752K, capacity 73723K, committed 73888K, reserved 1114112K
  class space    used 7970K, capacity 8333K, committed 8448K, reserved 1048576K
}
Event: 30.227 GC heap before
{Heap before GC invocations=26 (full 0):
 garbage-first heap   total 189440K, used 152119K [0x0000000080400000, 0x0000000100000000)
  region size 1024K, 49 young (50176K), 5 survivors (5120K)
 Metaspace       used 76971K, capacity 77915K, committed 77984K, reserved 1118208K
  class space    used 8335K, capacity 8685K, committed 8704K, reserved 1048576K
}
Event: 30.251 GC heap after
{Heap after GC invocations=27 (full 0):
 garbage-first heap   total 189440K, used 110981K [0x0000000080400000, 0x0000000100000000)
  region size 1024K, 6 young (6144K), 6 survivors (6144K)
 Metaspace       used 76971K, capacity 77915K, committed 77984K, reserved 1118208K
  class space    used 8335K, capacity 8685K, committed 8704K, reserved 1048576K
}
Event: 31.110 GC heap before
{Heap before GC invocations=28 (full 0):
 garbage-first heap   total 189440K, used 153989K [0x0000000080400000, 0x0000000100000000)
  region size 1024K, 48 young (49152K), 6 survivors (6144K)
 Metaspace       used 77326K, capacity 78267K, committed 78624K, reserved 1120256K
  class space    used 8359K, capacity 8717K, committed 8832K, reserved 1048576K
}
Event: 31.127 GC heap after
{Heap after GC invocations=29 (full 0):
 garbage-first heap   total 189440K, used 115063K [0x0000000080400000, 0x0000000100000000)
  region size 1024K, 5 young (5120K), 5 survivors (5120K)
 Metaspace       used 77326K, capacity 78267K, committed 78624K, reserved 1120256K
  class space    used 8359K, capacity 8717K, committed 8832K, reserved 1048576K
}
Event: 31.888 GC heap before
{Heap before GC invocations=29 (full 0):
 garbage-first heap   total 189440K, used 156023K [0x0000000080400000, 0x0000000100000000)
  region size 1024K, 45 young (46080K), 5 survivors (5120K)
 Metaspace       used 78928K, capacity 79803K, committed 80032K, reserved 1120256K
  class space    used 8504K, capacity 8845K, committed 8960K, reserved 1048576K
}
Event: 31.909 GC heap after
{Heap after GC invocations=30 (full 0):
 garbage-first heap   total 227328K, used 122551K [0x0000000080400000, 0x0000000100000000)
  region size 1024K, 6 young (6144K), 6 survivors (6144K)
 Metaspace       used 78928K, capacity 79803K, committed 80032K, reserved 1120256K
  class space    used 8504K, capacity 8845K, committed 8960K, reserved 1048576K
}
Event: 33.146 GC heap before
{Heap before GC invocations=31 (full 0):
 garbage-first heap   total 227328K, used 176823K [0x0000000080400000, 0x0000000100000000)
  region size 1024K, 59 young (60416K), 6 survivors (6144K)
 Metaspace       used 79811K, capacity 80699K, committed 80800K, reserved 1122304K
  class space    used 8564K, capacity 8909K, committed 8960K, reserved 1048576K
}
Event: 33.188 GC heap after
{Heap after GC invocations=32 (full 0):
 garbage-first heap   total 227328K, used 145909K [0x0000000080400000, 0x0000000100000000)
  region size 1024K, 8 young (8192K), 8 survivors (8192K)
 Metaspace       used 79811K, capacity 80699K, committed 80800K, reserved 1122304K
  class space    used 8564K, capacity 8909K, committed 8960K, reserved 1048576K
}
Event: 33.578 GC heap before
{Heap before GC invocations=32 (full 0):
 garbage-first heap   total 227328K, used 178677K [0x0000000080400000, 0x0000000100000000)
  region size 1024K, 40 young (40960K), 8 survivors (8192K)
 Metaspace       used 80203K, capacity 81115K, committed 81312K, reserved 1122304K
  class space    used 8593K, capacity 8941K, committed 8960K, reserved 1048576K
}
Event: 33.610 GC heap after
{Heap after GC invocations=33 (full 0):
 garbage-first heap   total 227328K, used 160256K [0x0000000080400000, 0x0000000100000000)
  region size 1024K, 5 young (5120K), 5 survivors (5120K)
 Metaspace       used 80203K, capacity 81115K, committed 81312K, reserved 1122304K
  class space    used 8593K, capacity 8941K, committed 8960K, reserved 1048576K
}
Event: 34.395 GC heap before
{Heap before GC invocations=33 (full 0):
 garbage-first heap   total 227328K, used 183808K [0x0000000080400000, 0x0000000100000000)
  region size 1024K, 27 young (27648K), 5 survivors (5120K)
 Metaspace       used 81387K, capacity 82267K, committed 82464K, reserved 1122304K
  class space    used 8696K, capacity 9069K, committed 9088K, reserved 1048576K
}
Event: 34.416 GC heap after
{Heap after GC invocations=34 (full 0):
 garbage-first heap   total 227328K, used 165888K [0x0000000080400000, 0x0000000100000000)
  region size 1024K, 4 young (4096K), 4 survivors (4096K)
 Metaspace       used 81387K, capacity 82267K, committed 82464K, reserved 1122304K
  class space    used 8696K, capacity 9069K, committed 9088K, reserved 1048576K
}
Event: 34.968 GC heap before
{Heap before GC invocations=35 (full 0):
 garbage-first heap   total 227328K, used 188416K [0x0000000080400000, 0x0000000100000000)
  region size 1024K, 25 young (25600K), 4 survivors (4096K)
 Metaspace       used 84867K, capacity 85723K, committed 85920K, reserved 1126400K
  class space    used 9105K, capacity 9453K, committed 9472K, reserved 1048576K
}

